[debug] [2020-04-19T02:15:34.407Z] ----------------------------------------------------------------------
[debug] [2020-04-19T02:15:34.410Z] Command:       /usr/local/bin/node /usr/local/bin/firebase emulators:start
[debug] [2020-04-19T02:15:34.410Z] CLI Version:   8.0.2
[debug] [2020-04-19T02:15:34.410Z] Platform:      linux
[debug] [2020-04-19T02:15:34.410Z] Node Version:  v10.15.3
[debug] [2020-04-19T02:15:34.410Z] Time:          Sat Apr 18 2020 21:15:34 GMT-0500 (Central Daylight Time)
[debug] [2020-04-19T02:15:34.410Z] ----------------------------------------------------------------------
[debug] [2020-04-19T02:15:34.411Z] 
[debug] [2020-04-19T02:15:34.465Z] > command requires scopes: ["email","openid","https://www.googleapis.com/auth/cloudplatformprojects.readonly","https://www.googleapis.com/auth/firebase","https://www.googleapis.com/auth/cloud-platform"]
[debug] [2020-04-19T02:15:34.466Z] > authorizing via signed-in user
[info] i  emulators: Starting emulators: functions, firestore, database, hosting
[debug] [2020-04-19T02:15:34.512Z] [hub] writing locator at /tmp/hub-covid19-43bae.json
[info] ✔  hub: emulator hub started at http://localhost:4400
[warn] ⚠  Your requested "node" version "8" doesn't match your global version "10"
[info] ✔  functions: functions emulator started at http://localhost:5001
[debug] [2020-04-19T02:15:34.544Z] Ignoring unsupported arg: projectId
[debug] [2020-04-19T02:15:34.544Z] Ignoring unsupported arg: auto_download
[debug] [2020-04-19T02:15:34.544Z] Starting firestore emulator with command {"binary":"java","args":["-Duser.language=en","-jar","/home/ccastillo/.cache/firebase/emulators/cloud-firestore-emulator-v1.11.2.jar","--host","localhost","--port",8080,"--rules","/home/ccastillo/Documents/covid19/firestore.rules","--functions_emulator","localhost:5001"],"optionalArgs":["port","webchannel_port","host","rules","functions_emulator","seed_from_export"],"joinArgs":false}
[info] i  firestore: firestore emulator logging to firestore-debug.log
[debug] [2020-04-19T02:15:38.655Z] API endpoint: http://
[debug] [2020-04-19T02:15:38.656Z] localhost:8080
If you are using a library that supports the FIRESTORE_EMULATOR_HOST environment variable, run:

   export FIRESTORE_EMULATOR_HOST=localhost:8080

Dev App Server is now running.


[info] ✔  firestore: firestore emulator started at http://localhost:8080
[info] i  firestore: For testing set FIRESTORE_EMULATOR_HOST=localhost:8080
[debug] [2020-04-19T02:15:38.834Z] Ignoring unsupported arg: projectId
[debug] [2020-04-19T02:15:38.834Z] Ignoring unsupported arg: auto_download
[debug] [2020-04-19T02:15:38.834Z] Ignoring unsupported arg: rules
[debug] [2020-04-19T02:15:38.835Z] Starting database emulator with command {"binary":"java","args":["-Duser.language=en","-jar","/home/ccastillo/.cache/firebase/emulators/firebase-database-emulator-v4.4.1.jar","--host","localhost","--port",9000,"--functions_emulator_host","localhost","--functions_emulator_port",5001],"optionalArgs":["port","host","functions_emulator_port","functions_emulator_host"],"joinArgs":false}
[info] i  database: database emulator logging to database-debug.log
[debug] [2020-04-19T02:15:42.329Z] 21:15:42.327 [NamespaceSystem-akka.actor.default-dispatcher-5] INFO akka.event.slf4j.Slf4jLogger - Slf4jLogger started

[debug] [2020-04-19T02:15:42.789Z] 21:15:42.789 [main] INFO com.firebase.server.forge.App$ - Listening at localhost:9000

[info] ✔  database: database emulator started at http://localhost:9000
[info] i  database: For testing set FIREBASE_DATABASE_EMULATOR_HOST=localhost:9000
[debug] [2020-04-19T02:15:42.870Z] > refreshing access token with scopes: ["email","https://www.googleapis.com/auth/cloud-platform","https://www.googleapis.com/auth/cloudplatformprojects.readonly","https://www.googleapis.com/auth/firebase","openid"]
[debug] [2020-04-19T02:15:42.871Z] >>> HTTP REQUEST POST https://www.googleapis.com/oauth2/v3/token  
 <request body omitted>
[debug] [2020-04-19T02:15:43.051Z] <<< HTTP RESPONSE 200 {"content-type":"application/json; charset=utf-8","vary":"X-Origin, Referer, Origin,Accept-Encoding","date":"Sun, 19 Apr 2020 02:15:43 GMT","server":"scaffolding on HTTPServer2","cache-control":"private","x-xss-protection":"0","x-frame-options":"SAMEORIGIN","x-content-type-options":"nosniff","alt-svc":"quic=\":443\"; ma=2592000; v=\"46,43\",h3-Q050=\":443\"; ma=2592000,h3-Q049=\":443\"; ma=2592000,h3-Q048=\":443\"; ma=2592000,h3-Q046=\":443\"; ma=2592000,h3-Q043=\":443\"; ma=2592000,h3-T050=\":443\"; ma=2592000","accept-ranges":"none","transfer-encoding":"chunked"}
[debug] [2020-04-19T02:15:43.155Z] >>> HTTP REQUEST GET https://firebase.googleapis.com/v1beta1/projects/covid19-43bae/webApps/-/config  
 
[debug] [2020-04-19T02:15:43.880Z] <<< HTTP RESPONSE 200 {"content-type":"application/json; charset=UTF-8","vary":"X-Origin, Referer, Origin,Accept-Encoding","date":"Sun, 19 Apr 2020 02:15:43 GMT","server":"ESF","cache-control":"private","x-xss-protection":"0","x-frame-options":"SAMEORIGIN","x-content-type-options":"nosniff","alt-svc":"quic=\":443\"; ma=2592000; v=\"46,43\",h3-Q050=\":443\"; ma=2592000,h3-Q049=\":443\"; ma=2592000,h3-Q048=\":443\"; ma=2592000,h3-Q046=\":443\"; ma=2592000,h3-Q043=\":443\"; ma=2592000,h3-T050=\":443\"; ma=2592000","accept-ranges":"none","transfer-encoding":"chunked"}
[info] i  hosting: Serving hosting files from: dist/covid19
[info] ✔  hosting: Local server: http://localhost:5000
[info] ✔  hosting: hosting emulator started at http://localhost:5000
[info] i  functions: Watching "/home/ccastillo/Documents/covid19/functions" for Cloud Functions...
[debug] [2020-04-19T02:15:44.102Z] [worker-pool] addWorker(~diagnostic~) 
[debug] [2020-04-19T02:15:44.103Z] [worker-pool] Adding worker with key ~diagnostic~, total=1 
[debug] [2020-04-19T02:15:44.103Z] [worker-pool] submitWork(triggerId=) 
[debug] [2020-04-19T02:15:44.103Z] [worker-~diagnostic~-a6f69fff-8708-4c04-961d-06f9f83235d5]: Assigning socketPath: /tmp/fire_emu_5696.sock 
[debug] [2020-04-19T02:15:44.104Z] [worker-~diagnostic~-a6f69fff-8708-4c04-961d-06f9f83235d5]: BUSY 
[debug] [2020-04-19T02:15:44.439Z] [runtime-status] [5696] Functions runtime initialized. {"cwd":"/home/ccastillo/Documents/covid19/functions","node_version":"10.15.3"} 
[debug] [2020-04-19T02:15:44.441Z] [runtime-status] [5696] Disabled runtime features: undefined 
[debug] [2020-04-19T02:15:44.443Z] [runtime-status] [5696] Resolved module firebase-admin {"declared":true,"installed":true,"version":"8.10.0","resolution":"/home/ccastillo/Documents/covid19/functions/node_modules/firebase-admin/lib/index.js"} 
[debug] [2020-04-19T02:15:44.444Z] [runtime-status] [5696] Resolved module firebase-functions {"declared":true,"installed":true,"version":"3.6.0","resolution":"/home/ccastillo/Documents/covid19/functions/node_modules/firebase-functions/lib/index.js"} 
[warn] ⚠  functions: Your GOOGLE_APPLICATION_CREDENTIALS environment variable points to /home/ccastillo/Documents/covid19/functions/covid19-273816-0a4922a6f109.json. Non-emulated services will access production using these credentials. Be careful!
[debug] [2020-04-19T02:15:44.448Z] [runtime-status] [5696] Outgoing network have been stubbed. [{"name":"http","status":"mocked"},{"name":"http","status":"mocked"},{"name":"https","status":"mocked"},{"name":"https","status":"mocked"},{"name":"net","status":"mocked"}] 
[debug] [2020-04-19T02:15:44.493Z] [runtime-status] [5696] Checked functions.config() {"config":{}} 
[debug] [2020-04-19T02:15:44.494Z] [runtime-status] [5696] Resolved module firebase-functions {"declared":true,"installed":true,"version":"3.6.0","resolution":"/home/ccastillo/Documents/covid19/functions/node_modules/firebase-functions/lib/index.js"} 
[debug] [2020-04-19T02:15:44.495Z] [runtime-status] [5696] Resolved module firebase-admin {"declared":true,"installed":true,"version":"8.10.0","resolution":"/home/ccastillo/Documents/covid19/functions/node_modules/firebase-admin/lib/index.js"} 
[debug] [2020-04-19T02:15:44.496Z] [runtime-status] [5696] Resolved module firebase-functions {"declared":true,"installed":true,"version":"3.6.0","resolution":"/home/ccastillo/Documents/covid19/functions/node_modules/firebase-functions/lib/index.js"} 
[debug] [2020-04-19T02:15:44.496Z] [runtime-status] [5696] firebase-admin has been stubbed. {"adminResolution":{"declared":true,"installed":true,"version":"8.10.0","resolution":"/home/ccastillo/Documents/covid19/functions/node_modules/firebase-admin/lib/index.js"}} 
[warn] ⚠  Error: Cannot find module '/home/ccastillo/Documents/covid19/functions'
    at Function.Module._resolveFilename (internal/modules/cjs/loader.js:582:15)
    at Function.Module._load (internal/modules/cjs/loader.js:508:25)
    at Module.require (internal/modules/cjs/loader.js:637:17)
    at require (internal/modules/cjs/helpers.js:22:18)
    at /usr/local/lib/node_modules/firebase-tools/lib/emulator/functionsEmulatorRuntime.js:656:33
    at Generator.next (<anonymous>)
    at fulfilled (/usr/local/lib/node_modules/firebase-tools/lib/emulator/functionsEmulatorRuntime.js:5:58)
    at process._tickCallback (internal/process/next_tick.js:68:7)
[warn] ⚠  We were unable to load your functions code. (see above)
   - It appears your code is written in Typescript, which must be compiled before emulation.
   - You may be able to run "npm run build" in your functions directory to resolve this.
[debug] [2020-04-19T02:15:44.513Z] [worker-~diagnostic~-a6f69fff-8708-4c04-961d-06f9f83235d5]: exited 
[debug] [2020-04-19T02:15:44.513Z] [worker-~diagnostic~-a6f69fff-8708-4c04-961d-06f9f83235d5]: FINISHED 
